<?xml version="1.0" encoding="UTF-8"?>
<testng-results skipped="0" failed="0" total="1" passed="1">
  <reporter-output>
  </reporter-output>
  <suite name="Default suite" duration-ms="143553" started-at="2017-11-28T13:00:46Z" finished-at="2017-11-28T13:03:09Z">
    <groups>
    </groups>
    <test name="Default test" duration-ms="143553" started-at="2017-11-28T13:00:46Z" finished-at="2017-11-28T13:03:09Z">
      <class name="com.actiance.Teams.Functionality.TestTestng">
        <test-method status="PASS" signature="setUp()[pri:0, instance:com.actiance.Teams.Functionality.TestTestng@51081592]" name="setUp" is-config="true" duration-ms="5915" started-at="2017-11-28T18:30:46Z" finished-at="2017-11-28T18:30:51Z">
          <reporter-output>
          </reporter-output>
        </test-method> <!-- setUp -->
        <test-method status="PASS" signature="OneChatRoom()[pri:0, instance:com.actiance.Teams.Functionality.TestTestng@51081592]" name="OneChatRoom" duration-ms="137620" started-at="2017-11-28T18:30:51Z" finished-at="2017-11-28T18:33:09Z">
          <reporter-output>
          </reporter-output>
        </test-method> <!-- OneChatRoom -->
      </class> <!-- com.actiance.Teams.Functionality.TestTestng -->
    </test> <!-- Default test -->
  </suite> <!-- Default suite -->
</testng-results>
