<?xml version="1.0" encoding="UTF-8"?>
<testng-results skipped="0" failed="0" ignored="0" total="1" passed="1">
  <reporter-output>
  </reporter-output>
  <suite name="Default suite" duration-ms="21073" started-at="2018-01-10T05:58:55Z" finished-at="2018-01-10T05:59:16Z">
    <groups>
    </groups>
    <test name="Default test" duration-ms="21073" started-at="2018-01-10T05:58:55Z" finished-at="2018-01-10T05:59:16Z">
      <class name="com.actiance.tests.CreateImporter">
        <test-method status="PASS" signature="setUp()[pri:0, instance:com.actiance.tests.CreateImporter@3a82f6ef]" name="setUp" is-config="true" duration-ms="5583" started-at="2018-01-10T11:28:55Z" finished-at="2018-01-10T11:29:00Z">
          <reporter-output>
          </reporter-output>
        </test-method> <!-- setUp -->
        <test-method status="PASS" signature="ImporterSetting()[pri:0, instance:com.actiance.tests.CreateImporter@3a82f6ef]" name="ImporterSetting" duration-ms="15249" started-at="2018-01-10T11:29:00Z" finished-at="2018-01-10T11:29:16Z">
          <reporter-output>
          </reporter-output>
        </test-method> <!-- ImporterSetting -->
      </class> <!-- com.actiance.tests.CreateImporter -->
    </test> <!-- Default test -->
  </suite> <!-- Default suite -->
</testng-results>
