<?xml version="1.0" encoding="UTF-8"?>
<testng-results skipped="0" failed="0" total="1" passed="1">
  <reporter-output>
  </reporter-output>
  <suite name="Exporter" duration-ms="3071946" started-at="2017-10-31T11:50:34Z" finished-at="2017-10-31T12:41:46Z">
    <groups>
    </groups>
    <test name="Exporter Test New" duration-ms="3071946" started-at="2017-10-31T11:50:34Z" finished-at="2017-10-31T12:41:46Z">
      <class name="com.actiance.test.exporterNew.tests.ExporterTest">
        <test-method status="PASS" signature="beforeSuite(java.lang.String, java.lang.String, java.lang.String, java.lang.String, java.lang.String, java.lang.String, java.lang.String, java.lang.String, java.lang.String, java.lang.String, java.lang.String, java.lang.String, java.lang.String, java.lang.String, java.lang.String, java.lang.String, java.lang.String, java.lang.String, java.lang.String, java.lang.String, java.lang.String, java.lang.String, java.lang.String, java.lang.String)[pri:0, instance:com.actiance.test.exporterNew.tests.ExporterTest@79be0360]" name="beforeSuite" is-config="true" duration-ms="20264" started-at="2017-10-31T17:20:13Z" finished-at="2017-10-31T17:20:34Z">
          <params>
            <param index="0">
              <value>
                <![CDATA[com.microsoft.sqlserver.jdbc.SQLServerDriver]]>
              </value>
            </param>
            <param index="1">
              <value>
                <![CDATA[jdbc:sqlserver://192.168.114.18:1433]]>
              </value>
            </param>
            <param index="2">
              <value>
                <![CDATA[newcupspriya]]>
              </value>
            </param>
            <param index="3">
              <value>
                <![CDATA[sa]]>
              </value>
            </param>
            <param index="4">
              <value>
                <![CDATA[FaceTime@123]]>
              </value>
            </param>
            <param index="5">
              <value>
                <![CDATA[2]]>
              </value>
            </param>
            <param index="6">
              <value>
                <![CDATA[D:\work\ExporterTest\TestCase\BB\TestAgain\ForTestAgain]]>
              </value>
            </param>
            <param index="7">
              <value>
                <![CDATA[192.168.120.107]]>
              </value>
            </param>
            <param index="8">
              <value>
                <![CDATA[u@act.in]]>
              </value>
            </param>
            <param index="9">
              <value>
                <![CDATA[u@act.in]]>
              </value>
            </param>
            <param index="10">
              <value>
                <![CDATA[u@act.in]]>
              </value>
            </param>
            <param index="11">
              <value>
                <![CDATA[sender@act.in]]>
              </value>
            </param>
            <param index="12">
              <value>
                <![CDATA[25]]>
              </value>
            </param>
            <param index="13">
              <value>
                <![CDATA[3]]>
              </value>
            </param>
            <param index="14">
              <value>
                <![CDATA[D:\D-Drive\Exporter\Automation\emls]]>
              </value>
            </param>
            <param index="15">
              <value>
                <![CDATA[D:\D-Drive\Exporter\Automation\failed\emls]]>
              </value>
            </param>
            <param index="16">
              <value>
                <![CDATA[D:\installed\hmailserver\Data\act.in]]>
              </value>
            </param>
            <param index="17">
              <value>
                <![CDATA[D:\D-Drive\Exporter\power1.ps1]]>
              </value>
            </param>
            <param index="18">
              <value>
                <![CDATA[192.168.114.37]]>
              </value>
            </param>
            <param index="19">
              <value>
                <![CDATA[sysadmin]]>
              </value>
            </param>
            <param index="20">
              <value>
                <![CDATA[facetime]]>
              </value>
            </param>
            <param index="21">
              <value>
                <![CDATA[IBMProfile1]]>
              </value>
            </param>
            <param index="22">
              <value>
                <![CDATA[D:\D-Drive\Exporter\Automation\ExporterTemplate.properties]]>
              </value>
            </param>
            <param index="23">
              <value>
                <![CDATA[D:\D-Drive\Exporter\XSLT\Default XSLT from Vntg]]>
              </value>
            </param>
          </params>
          <reporter-output>
          </reporter-output>
        </test-method> <!-- beforeSuite -->
        <test-method status="PASS" signature="setup()[pri:0, instance:com.actiance.test.exporterNew.tests.ExporterTest@79be0360]" name="setup" is-config="true" duration-ms="50" started-at="2017-10-31T17:20:34Z" finished-at="2017-10-31T17:20:34Z">
          <reporter-output>
          </reporter-output>
        </test-method> <!-- setup -->
        <test-method status="PASS" signature="testExporter()[pri:0, instance:com.actiance.test.exporterNew.tests.ExporterTest@79be0360]" name="testExporter" duration-ms="3071860" started-at="2017-10-31T17:20:34Z" finished-at="2017-10-31T18:11:46Z">
          <reporter-output>
          </reporter-output>
        </test-method> <!-- testExporter -->
      </class> <!-- com.actiance.test.exporterNew.tests.ExporterTest -->
    </test> <!-- Exporter Test New -->
  </suite> <!-- Exporter -->
</testng-results>
