<?xml version="1.0" encoding="UTF-8"?>
<!-- Generated by org.testng.reporters.JUnitXMLReporter -->
<testsuite hostname="Manish-E7470" name="Exporter Test New" tests="1" failures="1" timestamp="8 Nov 2017 10:27:50 GMT" time="921.197" errors="0">
  <testcase name="testExporter" time="919.145" classname="com.actiance.test.exporterNew.tests.ExporterTest">
    <failure type="java.lang.Error" message="Unresolved compilation problem: 
	Syntax error on token &amp;quot;=&amp;quot;, delete this token
">
      <![CDATA[java.lang.Error: Unresolved compilation problem: 
	Syntax error on token "=", delete this token

	at com.actiance.test.exporterNew.utils.DBUtils.getInterIDsBasedOnFilters(Unknown Source)
	at com.actiance.test.exporterNew.tests.ExporterTest.testExporter(ExporterTest.java:378)
... Removed 24 stack frames]]>
    </failure>
  </testcase> <!-- testExporter -->
</testsuite> <!-- Exporter Test New -->
